2018-09-06 17:37:45.130 ERROR 13408 --- [main] o.s.b.c.l.LoggingApplicationListener     : Cannot set level: trace  for 'com.atguigu'
2018-09-06 17:37:49.078 ERROR 26404 --- [main] o.s.b.c.l.LoggingApplicationListener     : Cannot set level: trace  for 'com.atguigu'
2018-09-06 17:37:49.245  INFO 26404 --- [main] c.e.s.SpringbootdemoApplication          : Starting SpringbootdemoApplication on WUKN-PC with PID 26404 (D:\gitspace2\springboot\springbootdemo\target\classes started by wukn in D:\gitspace2\springboot\springbootdemo)
2018-09-06 17:37:49.247  INFO 26404 --- [main] c.e.s.SpringbootdemoApplication          : No active profile set, falling back to default profiles: default
2018-09-06 17:37:49.359  INFO 26404 --- [main] ConfigServletWebServerApplicationContext : Refreshing org.springframework.boot.web.servlet.context.AnnotationConfigServletWebServerApplicationContext@65a15628: startup date [Thu Sep 06 17:37:49 CST 2018]; root of context hierarchy
2018-09-06 17:37:50.096  INFO 26404 --- [main] o.s.b.f.xml.XmlBeanDefinitionReader      : Loading XML bean definitions from class path resource [hello.xml]
2018-09-06 17:37:50.418  INFO 26404 --- [main] .s.d.r.c.RepositoryConfigurationDelegate : Multiple Spring Data modules found, entering strict repository configuration mode!
2018-09-06 17:37:50.547  INFO 26404 --- [main] .s.d.r.c.RepositoryConfigurationDelegate : Multiple Spring Data modules found, entering strict repository configuration mode!
2018-09-06 17:37:50.564  INFO 26404 --- [main] .RepositoryConfigurationExtensionSupport : Spring Data Redis - Could not safely identify store assignment for repository candidate interface com.example.springbootdemo.repository.UserRepository.
2018-09-06 17:37:51.226  INFO 26404 --- [main] trationDelegate$BeanPostProcessorChecker : Bean 'org.springframework.transaction.annotation.ProxyTransactionManagementConfiguration' of type [org.springframework.transaction.annotation.ProxyTransactionManagementConfiguration$$EnhancerBySpringCGLIB$$88e8ae4] is not eligible for getting processed by all BeanPostProcessors (for example: not eligible for auto-proxying)
2018-09-06 17:37:52.011  INFO 26404 --- [main] o.s.b.w.embedded.tomcat.TomcatWebServer  : Tomcat initialized with port(s): 8080 (http)
2018-09-06 17:37:52.038  INFO 26404 --- [main] o.apache.catalina.core.StandardService   : Starting service [Tomcat]
2018-09-06 17:37:52.039  INFO 26404 --- [main] org.apache.catalina.core.StandardEngine  : Starting Servlet Engine: Apache Tomcat/8.5.32
2018-09-06 17:37:52.045  INFO 26404 --- [localhost-startStop-1] o.a.catalina.core.AprLifecycleListener   : Loaded APR based Apache Tomcat Native library [1.2.16] using APR version [1.6.3].
2018-09-06 17:37:52.046  INFO 26404 --- [localhost-startStop-1] o.a.catalina.core.AprLifecycleListener   : APR capabilities: IPv6 [true], sendfile [true], accept filters [false], random [true].
2018-09-06 17:37:52.046  INFO 26404 --- [localhost-startStop-1] o.a.catalina.core.AprLifecycleListener   : APR/OpenSSL configuration: useAprConnector [false], useOpenSSL [true]
2018-09-06 17:37:53.165  INFO 26404 --- [localhost-startStop-1] o.a.catalina.core.AprLifecycleListener   : OpenSSL successfully initialized [OpenSSL 1.0.2m  2 Nov 2017]
2018-09-06 17:37:53.313  INFO 26404 --- [localhost-startStop-1] o.a.c.c.C.[Tomcat].[localhost].[/boot]   : Initializing Spring embedded WebApplicationContext
2018-09-06 17:37:53.313  INFO 26404 --- [localhost-startStop-1] o.s.web.context.ContextLoader            : Root WebApplicationContext: initialization completed in 3954 ms
2018-09-06 17:37:53.443  INFO 26404 --- [localhost-startStop-1] o.s.b.w.servlet.ServletRegistrationBean  : Servlet dispatcherServlet mapped to [/]
2018-09-06 17:37:53.451  INFO 26404 --- [localhost-startStop-1] o.s.b.w.servlet.FilterRegistrationBean   : Mapping filter: 'characterEncodingFilter' to: [/*]
2018-09-06 17:37:53.452  INFO 26404 --- [localhost-startStop-1] o.s.b.w.servlet.FilterRegistrationBean   : Mapping filter: 'hiddenHttpMethodFilter' to: [/*]
2018-09-06 17:37:53.452  INFO 26404 --- [localhost-startStop-1] o.s.b.w.servlet.FilterRegistrationBean   : Mapping filter: 'httpPutFormContentFilter' to: [/*]
2018-09-06 17:37:53.453  INFO 26404 --- [localhost-startStop-1] o.s.b.w.servlet.FilterRegistrationBean   : Mapping filter: 'requestContextFilter' to: [/*]
2018-09-06 17:37:53.852  INFO 26404 --- [main] j.LocalContainerEntityManagerFactoryBean : Building JPA container EntityManagerFactory for persistence unit 'default'
2018-09-06 17:37:53.881  INFO 26404 --- [main] o.hibernate.jpa.internal.util.LogHelper  : HHH000204: Processing PersistenceUnitInfo [
	name: default
	...]
2018-09-06 17:37:53.985  INFO 26404 --- [main] org.hibernate.Version                    : HHH000412: Hibernate Core {5.2.17.Final}
2018-09-06 17:37:53.988  INFO 26404 --- [main] org.hibernate.cfg.Environment            : HHH000206: hibernate.properties not found
2018-09-06 17:37:54.037  INFO 26404 --- [main] o.hibernate.annotations.common.Version   : HCANN000001: Hibernate Commons Annotations {5.0.1.Final}
2018-09-06 17:37:54.189  INFO 26404 --- [main] com.zaxxer.hikari.HikariDataSource       : HikariPool-1 - Starting...
2018-09-06 17:37:54.380  INFO 26404 --- [main] com.zaxxer.hikari.HikariDataSource       : HikariPool-1 - Start completed.
2018-09-06 17:37:54.395  INFO 26404 --- [main] org.hibernate.dialect.Dialect            : HHH000400: Using dialect: org.hibernate.dialect.MySQL5Dialect
2018-09-06 17:37:56.000  INFO 26404 --- [main] j.LocalContainerEntityManagerFactoryBean : Initialized JPA EntityManagerFactory for persistence unit 'default'
2018-09-06 17:37:56.768  INFO 26404 --- [main] o.h.h.i.QueryTranslatorFactoryInitiator  : HHH000397: Using ASTQueryTranslatorFactory
2018-09-06 17:37:57.179  INFO 26404 --- [main] o.s.w.s.handler.SimpleUrlHandlerMapping  : Mapped URL path [/**/favicon.ico] onto handler of type [class org.springframework.web.servlet.resource.ResourceHttpRequestHandler]
2018-09-06 17:37:57.580  INFO 26404 --- [main] s.w.s.m.m.a.RequestMappingHandlerAdapter : Looking for @ControllerAdvice: org.springframework.boot.web.servlet.context.AnnotationConfigServletWebServerApplicationContext@65a15628: startup date [Thu Sep 06 17:37:49 CST 2018]; root of context hierarchy
2018-09-06 17:37:57.632  WARN 26404 --- [main] aWebConfiguration$JpaWebMvcConfiguration : spring.jpa.open-in-view is enabled by default. Therefore, database queries may be performed during view rendering. Explicitly configure spring.jpa.open-in-view to disable this warning
2018-09-06 17:37:57.679  INFO 26404 --- [main] s.w.s.m.m.a.RequestMappingHandlerMapping : Mapped "{[/user/nameandsex],methods=[POST]}" onto public com.example.springbootdemo.commons.ClientResult com.example.springbootdemo.web.controller.UserController.findUserByName(com.example.springbootdemo.pojo.User,org.springframework.validation.BindingResult) throws java.lang.Exception
2018-09-06 17:37:57.682  INFO 26404 --- [main] s.w.s.m.m.a.RequestMappingHandlerMapping : Mapped "{[/error]}" onto public org.springframework.http.ResponseEntity<java.util.Map<java.lang.String, java.lang.Object>> org.springframework.boot.autoconfigure.web.servlet.error.BasicErrorController.error(javax.servlet.http.HttpServletRequest)
2018-09-06 17:37:57.683  INFO 26404 --- [main] s.w.s.m.m.a.RequestMappingHandlerMapping : Mapped "{[/error],produces=[text/html]}" onto public org.springframework.web.servlet.ModelAndView org.springframework.boot.autoconfigure.web.servlet.error.BasicErrorController.errorHtml(javax.servlet.http.HttpServletRequest,javax.servlet.http.HttpServletResponse)
2018-09-06 17:37:57.738  INFO 26404 --- [main] o.s.w.s.handler.SimpleUrlHandlerMapping  : Mapped URL path [/webjars/**] onto handler of type [class org.springframework.web.servlet.resource.ResourceHttpRequestHandler]
2018-09-06 17:37:57.738  INFO 26404 --- [main] o.s.w.s.handler.SimpleUrlHandlerMapping  : Mapped URL path [/**] onto handler of type [class org.springframework.web.servlet.resource.ResourceHttpRequestHandler]
2018-09-06 17:37:57.762  INFO 26404 --- [main] .m.m.a.ExceptionHandlerExceptionResolver : Detected @ExceptionHandler methods in cmsControllerAdvice
2018-09-06 17:37:58.392  INFO 26404 --- [main] o.s.j.e.a.AnnotationMBeanExporter        : Registering beans for JMX exposure on startup
2018-09-06 17:37:58.394  INFO 26404 --- [main] o.s.j.e.a.AnnotationMBeanExporter        : Bean with name 'dataSource' has been autodetected for JMX exposure
2018-09-06 17:37:58.399  INFO 26404 --- [main] o.s.j.e.a.AnnotationMBeanExporter        : Located MBean 'dataSource': registering with JMX server as MBean [com.zaxxer.hikari:name=dataSource,type=HikariDataSource]
2018-09-06 17:37:58.680  INFO 26404 --- [main] o.s.b.w.embedded.tomcat.TomcatWebServer  : Tomcat started on port(s): 8080 (http) with context path '/boot'
2018-09-06 17:37:58.684  INFO 26404 --- [main] c.e.s.SpringbootdemoApplication          : Started SpringbootdemoApplication in 10.546 seconds (JVM running for 12.655)
2018-09-06 17:38:04.500  INFO 26404 --- [http-nio-8080-exec-1] o.a.c.c.C.[Tomcat].[localhost].[/boot]   : Initializing Spring FrameworkServlet 'dispatcherServlet'
2018-09-06 17:38:04.500  INFO 26404 --- [http-nio-8080-exec-1] o.s.web.servlet.DispatcherServlet        : FrameworkServlet 'dispatcherServlet': initialization started
2018-09-06 17:38:04.527  INFO 26404 --- [http-nio-8080-exec-1] o.s.web.servlet.DispatcherServlet        : FrameworkServlet 'dispatcherServlet': initialization completed in 27 ms
2018-09-06 17:38:04.792  INFO 26404 --- [http-nio-8080-exec-1] c.example.springbootdemo.pojo.HelloWord  : infor3
2018-09-06 17:38:04.792  WARN 26404 --- [http-nio-8080-exec-1] c.example.springbootdemo.pojo.HelloWord  : 警告2
2018-09-06 17:38:04.792 ERROR 26404 --- [http-nio-8080-exec-1] c.example.springbootdemo.pojo.HelloWord  : error1
